Determining if the pthread_create exist failed with the following output:
Change Dir: /home/tthmatt/Omron-TM-ROS/build/catkin_tools_prebuild/CMakeFiles/CMakeTmp

Run Build Command:"/usr/bin/make" "cmTC_bd457/fast"
/usr/bin/make -f CMakeFiles/cmTC_bd457.dir/build.make CMakeFiles/cmTC_bd457.dir/build
make[1]: Entering directory '/home/tthmatt/Omron-TM-ROS/build/catkin_tools_prebuild/CMakeFiles/CMakeTmp'
Building C object CMakeFiles/cmTC_bd457.dir/CheckSymbolExists.c.o
/usr/bin/cc    -o CMakeFiles/cmTC_bd457.dir/CheckSymbolExists.c.o   -c /home/tthmatt/Omron-TM-ROS/build/catkin_tools_prebuild/CMakeFiles/CMakeTmp/CheckSymbolExists.c
Linking C executable cmTC_bd457
/usr/bin/cmake -E cmake_link_script CMakeFiles/cmTC_bd457.dir/link.txt --verbose=1
/usr/bin/cc      -rdynamic CMakeFiles/cmTC_bd457.dir/CheckSymbolExists.c.o  -o cmTC_bd457 
CMakeFiles/cmTC_bd457.dir/CheckSymbolExists.c.o: In function `main':
CheckSymbolExists.c:(.text+0x1b): undefined reference to `pthread_create'
collect2: error: ld returned 1 exit status
CMakeFiles/cmTC_bd457.dir/build.make:97: recipe for target 'cmTC_bd457' failed
make[1]: *** [cmTC_bd457] Error 1
make[1]: Leaving directory '/home/tthmatt/Omron-TM-ROS/build/catkin_tools_prebuild/CMakeFiles/CMakeTmp'
Makefile:126: recipe for target 'cmTC_bd457/fast' failed
make: *** [cmTC_bd457/fast] Error 2

File /home/tthmatt/Omron-TM-ROS/build/catkin_tools_prebuild/CMakeFiles/CMakeTmp/CheckSymbolExists.c:
/* */
#include <pthread.h>

int main(int argc, char** argv)
{
  (void)argv;
#ifndef pthread_create
  return ((int*)(&pthread_create))[argc];
#else
  (void)argc;
  return 0;
#endif
}

Determining if the function pthread_create exists in the pthreads failed with the following output:
Change Dir: /home/tthmatt/Omron-TM-ROS/build/catkin_tools_prebuild/CMakeFiles/CMakeTmp

Run Build Command:"/usr/bin/make" "cmTC_d3381/fast"
/usr/bin/make -f CMakeFiles/cmTC_d3381.dir/build.make CMakeFiles/cmTC_d3381.dir/build
make[1]: Entering directory '/home/tthmatt/Omron-TM-ROS/build/catkin_tools_prebuild/CMakeFiles/CMakeTmp'
Building C object CMakeFiles/cmTC_d3381.dir/CheckFunctionExists.c.o
/usr/bin/cc   -DCHECK_FUNCTION_EXISTS=pthread_create   -o CMakeFiles/cmTC_d3381.dir/CheckFunctionExists.c.o   -c /usr/share/cmake-3.10/Modules/CheckFunctionExists.c
Linking C executable cmTC_d3381
/usr/bin/cmake -E cmake_link_script CMakeFiles/cmTC_d3381.dir/link.txt --verbose=1
/usr/bin/cc  -DCHECK_FUNCTION_EXISTS=pthread_create    -rdynamic CMakeFiles/cmTC_d3381.dir/CheckFunctionExists.c.o  -o cmTC_d3381 -lpthreads 
/usr/bin/ld: cannot find -lpthreads
collect2: error: ld returned 1 exit status
CMakeFiles/cmTC_d3381.dir/build.make:97: recipe for target 'cmTC_d3381' failed
make[1]: *** [cmTC_d3381] Error 1
make[1]: Leaving directory '/home/tthmatt/Omron-TM-ROS/build/catkin_tools_prebuild/CMakeFiles/CMakeTmp'
Makefile:126: recipe for target 'cmTC_d3381/fast' failed
make: *** [cmTC_d3381/fast] Error 2


