Determining if the pthread_create exist failed with the following output:
Change Dir: /home/tthmatt/Omron_TM_ROS/build/tm_utils/CMakeFiles/CMakeTmp

Run Build Command:"/usr/bin/make" "cmTC_64948/fast"
/usr/bin/make -f CMakeFiles/cmTC_64948.dir/build.make CMakeFiles/cmTC_64948.dir/build
make[1]: Entering directory '/home/tthmatt/Omron_TM_ROS/build/tm_utils/CMakeFiles/CMakeTmp'
Building C object CMakeFiles/cmTC_64948.dir/CheckSymbolExists.c.o
/usr/bin/cc    -o CMakeFiles/cmTC_64948.dir/CheckSymbolExists.c.o   -c /home/tthmatt/Omron_TM_ROS/build/tm_utils/CMakeFiles/CMakeTmp/CheckSymbolExists.c
Linking C executable cmTC_64948
/usr/bin/cmake -E cmake_link_script CMakeFiles/cmTC_64948.dir/link.txt --verbose=1
/usr/bin/cc      -rdynamic CMakeFiles/cmTC_64948.dir/CheckSymbolExists.c.o  -o cmTC_64948 
CMakeFiles/cmTC_64948.dir/CheckSymbolExists.c.o: In function `main':
CheckSymbolExists.c:(.text+0x1b): undefined reference to `pthread_create'
collect2: error: ld returned 1 exit status
CMakeFiles/cmTC_64948.dir/build.make:97: recipe for target 'cmTC_64948' failed
make[1]: *** [cmTC_64948] Error 1
make[1]: Leaving directory '/home/tthmatt/Omron_TM_ROS/build/tm_utils/CMakeFiles/CMakeTmp'
Makefile:126: recipe for target 'cmTC_64948/fast' failed
make: *** [cmTC_64948/fast] Error 2

File /home/tthmatt/Omron_TM_ROS/build/tm_utils/CMakeFiles/CMakeTmp/CheckSymbolExists.c:
/* */
#include <pthread.h>

int main(int argc, char** argv)
{
  (void)argv;
#ifndef pthread_create
  return ((int*)(&pthread_create))[argc];
#else
  (void)argc;
  return 0;
#endif
}

Determining if the function pthread_create exists in the pthreads failed with the following output:
Change Dir: /home/tthmatt/Omron_TM_ROS/build/tm_utils/CMakeFiles/CMakeTmp

Run Build Command:"/usr/bin/make" "cmTC_24b8a/fast"
/usr/bin/make -f CMakeFiles/cmTC_24b8a.dir/build.make CMakeFiles/cmTC_24b8a.dir/build
make[1]: Entering directory '/home/tthmatt/Omron_TM_ROS/build/tm_utils/CMakeFiles/CMakeTmp'
Building C object CMakeFiles/cmTC_24b8a.dir/CheckFunctionExists.c.o
/usr/bin/cc   -DCHECK_FUNCTION_EXISTS=pthread_create   -o CMakeFiles/cmTC_24b8a.dir/CheckFunctionExists.c.o   -c /usr/share/cmake-3.10/Modules/CheckFunctionExists.c
Linking C executable cmTC_24b8a
/usr/bin/cmake -E cmake_link_script CMakeFiles/cmTC_24b8a.dir/link.txt --verbose=1
/usr/bin/cc  -DCHECK_FUNCTION_EXISTS=pthread_create    -rdynamic CMakeFiles/cmTC_24b8a.dir/CheckFunctionExists.c.o  -o cmTC_24b8a -lpthreads 
/usr/bin/ld: cannot find -lpthreads
collect2: error: ld returned 1 exit status
CMakeFiles/cmTC_24b8a.dir/build.make:97: recipe for target 'cmTC_24b8a' failed
make[1]: *** [cmTC_24b8a] Error 1
make[1]: Leaving directory '/home/tthmatt/Omron_TM_ROS/build/tm_utils/CMakeFiles/CMakeTmp'
Makefile:126: recipe for target 'cmTC_24b8a/fast' failed
make: *** [cmTC_24b8a/fast] Error 2


