[  0%] Built target actionlib_msgs_generate_messages_eus
[  0%] Built target _tm_motion_generate_messages_check_deps_ActionAction
[  0%] Built target _tm_motion_generate_messages_check_deps_ActionActionFeedback
[  0%] Built target _tm_motion_generate_messages_check_deps_ActionResult
[  0%] Built target _tm_motion_generate_messages_check_deps_ActionActionResult
[  0%] Built target _tm_motion_generate_messages_check_deps_ActionActionGoal
Traceback (most recent call last):
  File "/opt/ros/melodic/share/genmsg/cmake/../../../lib/genmsg/genmsg_check_deps.py", line 57, in <module>
    spec = load_srv_from_file(msg_context, msg_file, full_type_name)
  File "/opt/ros/melodic/lib/python2.7/dist-packages/genmsg/msg_loader.py", line 486, in load_srv_from_file
    spec = load_srv_from_string(msg_context, text, full_name)
  File "/opt/ros/melodic/lib/python2.7/dist-packages/genmsg/msg_loader.py", line 471, in load_srv_from_string
    msg_out = load_msg_from_string(msg_context, text_out.getvalue(), '%sResponse'%(full_name))
  File "/opt/ros/melodic/lib/python2.7/dist-packages/genmsg/msg_loader.py", line 266, in load_msg_from_string
    field_type, name = _load_field_line(orig_line, package_name)
  File "/opt/ros/melodic/lib/python2.7/dist-packages/genmsg/msg_loader.py", line 230, in _load_field_line
    raise InvalidMsgSpec("%s is not a legal message field type"%field_type)
genmsg.base.InvalidMsgSpec: geometry_msgs.msg._Transform.Transform is not a legal message field type
CMakeFiles/_tm_motion_generate_messages_check_deps_TmMotion.dir/build.make:57: recipe for target 'CMakeFiles/_tm_motion_generate_messages_check_deps_TmMotion' failed
make[2]: *** [CMakeFiles/_tm_motion_generate_messages_check_deps_TmMotion] Error 1
make[1]: *** [CMakeFiles/_tm_motion_generate_messages_check_deps_TmMotion.dir/all] Error 2
CMakeFiles/Makefile2:764: recipe for target 'CMakeFiles/_tm_motion_generate_messages_check_deps_TmMotion.dir/all' failed
make[1]: *** Waiting for unfinished jobs....
[  0%] Built target _tm_motion_generate_messages_check_deps_ActionGoal
[  0%] Built target actionlib_msgs_generate_messages_lisp
[  0%] Built target _tm_motion_generate_messages_check_deps_ActionFeedback
Makefile:140: recipe for target 'all' failed
make: *** [all] Error 2
