[  0%] Built target actionlib_msgs_generate_messages_eus
[  0%] Built target _tm_motion_generate_messages_check_deps_ActionResult
[  0%] Built target _tm_motion_generate_messages_check_deps_ActionAction
[  0%] Built target _tm_motion_generate_messages_check_deps_ActionActionFeedback
[  0%] Built target _tm_motion_generate_messages_check_deps_ActionActionResult
[  0%] Built target _tm_motion_generate_messages_check_deps_ActionActionGoal
[  0%] Built target _tm_motion_generate_messages_check_deps_ActionFeedback
[  0%] Built target _tm_motion_generate_messages_check_deps_TmMotion
[  0%] Built target actionlib_msgs_generate_messages_lisp
[  0%] Built target actionlib_msgs_generate_messages_cpp
[  0%] Built target actionlib_msgs_generate_messages_py
[  0%] Built target actionlib_msgs_generate_messages_nodejs
[  0%] Built target _tm_motion_generate_messages_check_deps_ActionGoal
[  2%] [34m[1mGenerating EusLisp code from tm_motion/TmMotion.srv[0m
[  6%] [34m[1mGenerating Lisp code from tm_motion/TmMotion.srv[0m
[  6%] [34m[1mGenerating C++ code from tm_motion/TmMotion.srv[0m
[  9%] [34m[1mGenerating Python code from SRV tm_motion/TmMotion[0m
[ 25%] Built target tm_motion_generate_messages_lisp
[ 27%] [34m[1mGenerating Javascript code from tm_motion/TmMotion.srv[0m
[ 46%] Built target tm_motion_generate_messages_eus
[ 48%] [34m[1mGenerating Python msg __init__.py for tm_motion[0m
[ 51%] [34m[1mGenerating Python srv __init__.py for tm_motion[0m
[ 67%] Built target tm_motion_generate_messages_nodejs
[ 83%] Built target tm_motion_generate_messages_cpp
[100%] Built target tm_motion_generate_messages_py
[100%] Built target tm_motion_generate_messages
