Symlinking /home/tthmatt/Omron-TM-ROS/devel/lib/python2.7/dist-packages/tm_motion/__init__.py
Symlinking /home/tthmatt/Omron-TM-ROS/devel/lib/python2.7/dist-packages/tm_motion/msg/_ActionResult.py
Symlinking /home/tthmatt/Omron-TM-ROS/devel/lib/python2.7/dist-packages/tm_motion/msg/__init__.py
Symlinking /home/tthmatt/Omron-TM-ROS/devel/lib/python2.7/dist-packages/tm_motion/msg/_ActionActionResult.py
Symlinking /home/tthmatt/Omron-TM-ROS/devel/lib/python2.7/dist-packages/tm_motion/msg/_ActionFeedback.py
Symlinking /home/tthmatt/Omron-TM-ROS/devel/lib/python2.7/dist-packages/tm_motion/msg/_ActionActionFeedback.py
Symlinking /home/tthmatt/Omron-TM-ROS/devel/lib/python2.7/dist-packages/tm_motion/msg/_ActionActionGoal.py
Symlinking /home/tthmatt/Omron-TM-ROS/devel/lib/python2.7/dist-packages/tm_motion/msg/_ActionAction.py
Symlinking /home/tthmatt/Omron-TM-ROS/devel/lib/python2.7/dist-packages/tm_motion/msg/_ActionGoal.py
Linked: (/home/tthmatt/Omron-TM-ROS/devel/.private/tm_motion/lib/pkgconfig/tm_motion.pc, /home/tthmatt/Omron-TM-ROS/devel/lib/pkgconfig/tm_motion.pc)
Symlinking /home/tthmatt/Omron-TM-ROS/devel/share/common-lisp/ros/tm_motion/msg/_package_ActionFeedback.lisp
Symlinking /home/tthmatt/Omron-TM-ROS/devel/share/common-lisp/ros/tm_motion/msg/tm_motion-msg.asd
Symlinking /home/tthmatt/Omron-TM-ROS/devel/share/common-lisp/ros/tm_motion/msg/_package.lisp
Symlinking /home/tthmatt/Omron-TM-ROS/devel/share/common-lisp/ros/tm_motion/msg/ActionResult.lisp
Symlinking /home/tthmatt/Omron-TM-ROS/devel/share/common-lisp/ros/tm_motion/msg/_package_ActionGoal.lisp
Symlinking /home/tthmatt/Omron-TM-ROS/devel/share/common-lisp/ros/tm_motion/msg/_package_ActionResult.lisp
Symlinking /home/tthmatt/Omron-TM-ROS/devel/share/common-lisp/ros/tm_motion/msg/ActionAction.lisp
Symlinking /home/tthmatt/Omron-TM-ROS/devel/share/common-lisp/ros/tm_motion/msg/ActionActionGoal.lisp
Symlinking /home/tthmatt/Omron-TM-ROS/devel/share/common-lisp/ros/tm_motion/msg/_package_ActionActionFeedback.lisp
Symlinking /home/tthmatt/Omron-TM-ROS/devel/share/common-lisp/ros/tm_motion/msg/_package_ActionActionResult.lisp
Symlinking /home/tthmatt/Omron-TM-ROS/devel/share/common-lisp/ros/tm_motion/msg/_package_ActionAction.lisp
Symlinking /home/tthmatt/Omron-TM-ROS/devel/share/common-lisp/ros/tm_motion/msg/ActionFeedback.lisp
Symlinking /home/tthmatt/Omron-TM-ROS/devel/share/common-lisp/ros/tm_motion/msg/ActionActionResult.lisp
Symlinking /home/tthmatt/Omron-TM-ROS/devel/share/common-lisp/ros/tm_motion/msg/ActionGoal.lisp
Symlinking /home/tthmatt/Omron-TM-ROS/devel/share/common-lisp/ros/tm_motion/msg/_package_ActionActionGoal.lisp
Symlinking /home/tthmatt/Omron-TM-ROS/devel/share/common-lisp/ros/tm_motion/msg/ActionActionFeedback.lisp
Symlinking /home/tthmatt/Omron-TM-ROS/devel/share/gennodejs/ros/tm_motion/_index.js
Symlinking /home/tthmatt/Omron-TM-ROS/devel/share/gennodejs/ros/tm_motion/msg/_index.js
Symlinking /home/tthmatt/Omron-TM-ROS/devel/share/gennodejs/ros/tm_motion/msg/ActionResult.js
Symlinking /home/tthmatt/Omron-TM-ROS/devel/share/gennodejs/ros/tm_motion/msg/ActionActionFeedback.js
Symlinking /home/tthmatt/Omron-TM-ROS/devel/share/gennodejs/ros/tm_motion/msg/ActionGoal.js
Symlinking /home/tthmatt/Omron-TM-ROS/devel/share/gennodejs/ros/tm_motion/msg/ActionFeedback.js
Symlinking /home/tthmatt/Omron-TM-ROS/devel/share/gennodejs/ros/tm_motion/msg/ActionActionResult.js
Symlinking /home/tthmatt/Omron-TM-ROS/devel/share/gennodejs/ros/tm_motion/msg/ActionAction.js
Symlinking /home/tthmatt/Omron-TM-ROS/devel/share/gennodejs/ros/tm_motion/msg/ActionActionGoal.js
Symlinking /home/tthmatt/Omron-TM-ROS/devel/share/tm_motion/cmake/tm_motion-msg-paths.cmake
Linked: (/home/tthmatt/Omron-TM-ROS/devel/.private/tm_motion/share/tm_motion/cmake/tm_motionConfig-version.cmake, /home/tthmatt/Omron-TM-ROS/devel/share/tm_motion/cmake/tm_motionConfig-version.cmake)
Linked: (/home/tthmatt/Omron-TM-ROS/devel/.private/tm_motion/share/tm_motion/cmake/tm_motionConfig.cmake, /home/tthmatt/Omron-TM-ROS/devel/share/tm_motion/cmake/tm_motionConfig.cmake)
Symlinking /home/tthmatt/Omron-TM-ROS/devel/share/tm_motion/cmake/tm_motion-msg-extras.cmake
Linked: (/home/tthmatt/Omron-TM-ROS/devel/.private/tm_motion/share/tm_motion/msg/ActionResult.msg, /home/tthmatt/Omron-TM-ROS/devel/share/tm_motion/msg/ActionResult.msg)
Linked: (/home/tthmatt/Omron-TM-ROS/devel/.private/tm_motion/share/tm_motion/msg/ActionGoal.msg, /home/tthmatt/Omron-TM-ROS/devel/share/tm_motion/msg/ActionGoal.msg)
Linked: (/home/tthmatt/Omron-TM-ROS/devel/.private/tm_motion/share/tm_motion/msg/ActionActionFeedback.msg, /home/tthmatt/Omron-TM-ROS/devel/share/tm_motion/msg/ActionActionFeedback.msg)
Linked: (/home/tthmatt/Omron-TM-ROS/devel/.private/tm_motion/share/tm_motion/msg/ActionActionGoal.msg, /home/tthmatt/Omron-TM-ROS/devel/share/tm_motion/msg/ActionActionGoal.msg)
Linked: (/home/tthmatt/Omron-TM-ROS/devel/.private/tm_motion/share/tm_motion/msg/ActionAction.msg, /home/tthmatt/Omron-TM-ROS/devel/share/tm_motion/msg/ActionAction.msg)
Linked: (/home/tthmatt/Omron-TM-ROS/devel/.private/tm_motion/share/tm_motion/msg/ActionActionResult.msg, /home/tthmatt/Omron-TM-ROS/devel/share/tm_motion/msg/ActionActionResult.msg)
Linked: (/home/tthmatt/Omron-TM-ROS/devel/.private/tm_motion/share/tm_motion/msg/ActionFeedback.msg, /home/tthmatt/Omron-TM-ROS/devel/share/tm_motion/msg/ActionFeedback.msg)
Symlinking /home/tthmatt/Omron-TM-ROS/devel/share/roseus/ros/tm_motion/manifest.l
Symlinking /home/tthmatt/Omron-TM-ROS/devel/share/roseus/ros/tm_motion/msg/ActionAction.l
Symlinking /home/tthmatt/Omron-TM-ROS/devel/share/roseus/ros/tm_motion/msg/ActionActionGoal.l
Symlinking /home/tthmatt/Omron-TM-ROS/devel/share/roseus/ros/tm_motion/msg/ActionResult.l
Symlinking /home/tthmatt/Omron-TM-ROS/devel/share/roseus/ros/tm_motion/msg/ActionGoal.l
Symlinking /home/tthmatt/Omron-TM-ROS/devel/share/roseus/ros/tm_motion/msg/ActionFeedback.l
Symlinking /home/tthmatt/Omron-TM-ROS/devel/share/roseus/ros/tm_motion/msg/ActionActionResult.l
Symlinking /home/tthmatt/Omron-TM-ROS/devel/share/roseus/ros/tm_motion/msg/ActionActionFeedback.l
Symlinking /home/tthmatt/Omron-TM-ROS/devel/include/tm_motion/ActionActionResult.h
Symlinking /home/tthmatt/Omron-TM-ROS/devel/include/tm_motion/ActionActionGoal.h
Symlinking /home/tthmatt/Omron-TM-ROS/devel/include/tm_motion/ActionResult.h
Symlinking /home/tthmatt/Omron-TM-ROS/devel/include/tm_motion/ActionGoal.h
Symlinking /home/tthmatt/Omron-TM-ROS/devel/include/tm_motion/ActionFeedback.h
Symlinking /home/tthmatt/Omron-TM-ROS/devel/include/tm_motion/ActionAction.h
Symlinking /home/tthmatt/Omron-TM-ROS/devel/include/tm_motion/ActionActionFeedback.h
