[  0%] Built target actionlib_msgs_generate_messages_eus
[  0%] Built target _tm_motion_generate_messages_check_deps_ActionResult
[  0%] Built target _tm_motion_generate_messages_check_deps_ActionAction
[  0%] Built target _tm_motion_generate_messages_check_deps_ActionActionFeedback
[  0%] Built target _tm_motion_generate_messages_check_deps_ActionActionResult
[  0%] Built target _tm_motion_generate_messages_check_deps_ActionActionGoal
[  0%] Built target _tm_motion_generate_messages_check_deps_ActionGoal
[  0%] Built target _tm_motion_generate_messages_check_deps_ActionFeedback
[  0%] Built target actionlib_msgs_generate_messages_lisp
[  0%] Built target actionlib_msgs_generate_messages_cpp
[  0%] Built target actionlib_msgs_generate_messages_nodejs
[  0%] Built target actionlib_msgs_generate_messages_py
[  2%] [34m[1mGenerating EusLisp code from tm_motion/ActionActionFeedback.msg[0m
[  5%] [34m[1mGenerating Lisp code from tm_motion/ActionActionFeedback.msg[0m
[  8%] [34m[1mGenerating C++ code from tm_motion/ActionActionFeedback.msg[0m
[ 10%] [34m[1mGenerating Javascript code from tm_motion/ActionActionFeedback.msg[0m
[ 13%] [34m[1mGenerating Lisp code from tm_motion/ActionAction.msg[0m
[ 16%] [34m[1mGenerating Lisp code from tm_motion/ActionActionResult.msg[0m
[ 18%] [34m[1mGenerating EusLisp code from tm_motion/ActionAction.msg[0m
[ 21%] [34m[1mGenerating Javascript code from tm_motion/ActionAction.msg[0m
[ 24%] [34m[1mGenerating Lisp code from tm_motion/ActionActionGoal.msg[0m
[ 27%] [34m[1mGenerating EusLisp code from tm_motion/ActionActionResult.msg[0m
[ 29%] [34m[1mGenerating C++ code from tm_motion/ActionAction.msg[0m
[ 32%] [34m[1mGenerating Lisp code from tm_motion/ActionGoal.msg[0m
[ 35%] [34m[1mGenerating Javascript code from tm_motion/ActionActionResult.msg[0m
[ 37%] [34m[1mGenerating EusLisp code from tm_motion/ActionActionGoal.msg[0m
[ 40%] [34m[1mGenerating Lisp code from tm_motion/ActionResult.msg[0m
[ 43%] [34m[1mGenerating Javascript code from tm_motion/ActionActionGoal.msg[0m
[ 45%] [34m[1mGenerating EusLisp code from tm_motion/ActionGoal.msg[0m
[ 48%] [34m[1mGenerating C++ code from tm_motion/ActionActionResult.msg[0m
[ 51%] [34m[1mGenerating Lisp code from tm_motion/ActionFeedback.msg[0m
[ 54%] [34m[1mGenerating Javascript code from tm_motion/ActionGoal.msg[0m
[ 54%] Built target tm_motion_generate_messages_lisp
[ 56%] [34m[1mGenerating Javascript code from tm_motion/ActionResult.msg[0m
[ 59%] [34m[1mGenerating EusLisp code from tm_motion/ActionResult.msg[0m
[ 62%] [34m[1mGenerating Python from MSG tm_motion/ActionActionFeedback[0m
[ 64%] [34m[1mGenerating Javascript code from tm_motion/ActionFeedback.msg[0m
[ 67%] [34m[1mGenerating EusLisp code from tm_motion/ActionFeedback.msg[0m
[ 70%] [34m[1mGenerating C++ code from tm_motion/ActionActionGoal.msg[0m
[ 70%] Built target tm_motion_generate_messages_nodejs
[ 72%] [34m[1mGenerating Python from MSG tm_motion/ActionAction[0m
[ 75%] [34m[1mGenerating C++ code from tm_motion/ActionGoal.msg[0m
[ 78%] Built target tm_motion_generate_messages_eus
[ 81%] [34m[1mGenerating C++ code from tm_motion/ActionResult.msg[0m
[ 83%] [34m[1mGenerating C++ code from tm_motion/ActionFeedback.msg[0m
[ 86%] [34m[1mGenerating Python from MSG tm_motion/ActionActionResult[0m
[ 89%] [34m[1mGenerating Python from MSG tm_motion/ActionActionGoal[0m
[ 91%] [34m[1mGenerating Python from MSG tm_motion/ActionGoal[0m
[ 94%] [34m[1mGenerating Python from MSG tm_motion/ActionResult[0m
[ 94%] Built target tm_motion_generate_messages_cpp
[ 97%] [34m[1mGenerating Python from MSG tm_motion/ActionFeedback[0m
[100%] [34m[1mGenerating Python msg __init__.py for tm_motion[0m
[100%] Built target tm_motion_generate_messages_py
[100%] Built target tm_motion_generate_messages
