[35m[1mScanning dependencies of target actionlib_msgs_generate_messages_eus[0m
[35m[1mScanning dependencies of target _tm_motion_generate_messages_check_deps_ActionAction[0m
[35m[1mScanning dependencies of target _tm_motion_generate_messages_check_deps_ActionActionFeedback[0m
[35m[1mScanning dependencies of target _tm_motion_generate_messages_check_deps_ActionResult[0m
[  0%] Built target actionlib_msgs_generate_messages_eus
[35m[1mScanning dependencies of target _tm_motion_generate_messages_check_deps_ActionActionResult[0m
[  0%] Built target _tm_motion_generate_messages_check_deps_ActionActionFeedback
[  0%] Built target _tm_motion_generate_messages_check_deps_ActionResult
[  0%] Built target _tm_motion_generate_messages_check_deps_ActionAction
[35m[1mScanning dependencies of target _tm_motion_generate_messages_check_deps_ActionActionGoal[0m
[35m[1mScanning dependencies of target _tm_motion_generate_messages_check_deps_TmMotion[0m
[35m[1mScanning dependencies of target _tm_motion_generate_messages_check_deps_ActionFeedback[0m
[  0%] Built target _tm_motion_generate_messages_check_deps_ActionActionResult
[35m[1mScanning dependencies of target _tm_motion_generate_messages_check_deps_ActionGoal[0m
[  0%] Built target _tm_motion_generate_messages_check_deps_ActionActionGoal
[  0%] Built target _tm_motion_generate_messages_check_deps_TmMotion
[  0%] Built target _tm_motion_generate_messages_check_deps_ActionFeedback
[35m[1mScanning dependencies of target actionlib_msgs_generate_messages_lisp[0m
[35m[1mScanning dependencies of target actionlib_msgs_generate_messages_cpp[0m
[35m[1mScanning dependencies of target actionlib_msgs_generate_messages_py[0m
[  0%] Built target actionlib_msgs_generate_messages_lisp
[  0%] Built target _tm_motion_generate_messages_check_deps_ActionGoal
[  0%] Built target actionlib_msgs_generate_messages_cpp
[  0%] Built target actionlib_msgs_generate_messages_py
[35m[1mScanning dependencies of target actionlib_msgs_generate_messages_nodejs[0m
[35m[1mScanning dependencies of target tm_motion_generate_messages_eus[0m
[35m[1mScanning dependencies of target tm_motion_generate_messages_lisp[0m
[35m[1mScanning dependencies of target tm_motion_generate_messages_cpp[0m
[  0%] Built target actionlib_msgs_generate_messages_nodejs
[  4%] [34m[1mGenerating EusLisp code from tm_motion/ActionActionFeedback.msg[0m
[  4%] [34m[1mGenerating Lisp code from tm_motion/ActionActionFeedback.msg[0m
[  6%] [34m[1mGenerating C++ code from tm_motion/ActionActionFeedback.msg[0m
[  9%] [34m[1mGenerating EusLisp code from tm_motion/ActionAction.msg[0m
[ 11%] [34m[1mGenerating Lisp code from tm_motion/ActionAction.msg[0m
[ 13%] [34m[1mGenerating Lisp code from tm_motion/ActionActionResult.msg[0m
[ 16%] [34m[1mGenerating C++ code from tm_motion/ActionAction.msg[0m
[ 18%] [34m[1mGenerating EusLisp code from tm_motion/ActionActionResult.msg[0m
[ 20%] [34m[1mGenerating Lisp code from tm_motion/ActionActionGoal.msg[0m
[ 23%] [34m[1mGenerating C++ code from tm_motion/ActionActionResult.msg[0m
[ 25%] [34m[1mGenerating Lisp code from tm_motion/ActionGoal.msg[0m
[ 27%] [34m[1mGenerating EusLisp code from tm_motion/ActionActionGoal.msg[0m
[ 30%] [34m[1mGenerating Lisp code from tm_motion/ActionResult.msg[0m
[ 32%] [34m[1mGenerating C++ code from tm_motion/ActionActionGoal.msg[0m
[ 34%] [34m[1mGenerating EusLisp code from tm_motion/ActionGoal.msg[0m
[ 37%] [34m[1mGenerating Lisp code from tm_motion/ActionFeedback.msg[0m
[ 39%] [34m[1mGenerating C++ code from tm_motion/ActionGoal.msg[0m
[ 41%] [34m[1mGenerating Lisp code from tm_motion/TmMotion.srv[0m
[ 44%] [34m[1mGenerating EusLisp code from tm_motion/ActionResult.msg[0m
[ 44%] Built target tm_motion_generate_messages_lisp
[35m[1mScanning dependencies of target tm_motion_generate_messages_py[0m
[ 46%] [34m[1mGenerating Python from MSG tm_motion/ActionActionFeedback[0m
[ 48%] [34m[1mGenerating C++ code from tm_motion/ActionResult.msg[0m
[ 51%] [34m[1mGenerating EusLisp code from tm_motion/ActionFeedback.msg[0m
[ 53%] [34m[1mGenerating Python from MSG tm_motion/ActionAction[0m
[ 55%] [34m[1mGenerating EusLisp code from tm_motion/TmMotion.srv[0m
[ 58%] [34m[1mGenerating EusLisp manifest code for tm_motion[0m
[ 62%] [34m[1mGenerating C++ code from tm_motion/ActionFeedback.msg[0m
[ 62%] [34m[1mGenerating C++ code from tm_motion/TmMotion.srv[0m
[ 65%] [34m[1mGenerating Python from MSG tm_motion/ActionActionResult[0m
[ 67%] [34m[1mGenerating Python from MSG tm_motion/ActionActionGoal[0m
[35m[1mScanning dependencies of target tm_motion_generate_messages_nodejs[0m
[ 69%] [34m[1mGenerating Javascript code from tm_motion/ActionActionFeedback.msg[0m
[ 69%] Built target tm_motion_generate_messages_cpp
[ 72%] [34m[1mGenerating Javascript code from tm_motion/ActionAction.msg[0m
[ 76%] [34m[1mGenerating Python from MSG tm_motion/ActionGoal[0m
[ 76%] [34m[1mGenerating Javascript code from tm_motion/ActionActionResult.msg[0m
[ 79%] [34m[1mGenerating Python from MSG tm_motion/ActionResult[0m
[ 81%] [34m[1mGenerating Javascript code from tm_motion/ActionActionGoal.msg[0m
[ 83%] [34m[1mGenerating Javascript code from tm_motion/ActionGoal.msg[0m
[ 86%] [34m[1mGenerating Javascript code from tm_motion/ActionResult.msg[0m
[ 88%] [34m[1mGenerating Python from MSG tm_motion/ActionFeedback[0m
[ 90%] [34m[1mGenerating Javascript code from tm_motion/ActionFeedback.msg[0m
[ 93%] [34m[1mGenerating Python code from SRV tm_motion/TmMotion[0m
[ 95%] [34m[1mGenerating Javascript code from tm_motion/TmMotion.srv[0m
[ 95%] Built target tm_motion_generate_messages_nodejs
[100%] [34m[1mGenerating Python msg __init__.py for tm_motion[0m
[100%] [34m[1mGenerating Python srv __init__.py for tm_motion[0m
[100%] Built target tm_motion_generate_messages_py
[100%] Built target tm_motion_generate_messages_eus
[35m[1mScanning dependencies of target tm_motion_generate_messages[0m
[100%] Built target tm_motion_generate_messages
